<?xml version="1.0" encoding="UTF-8" ?>
<testsuite failures="0" time="0.099" errors="0" skipped="0" tests="1" name="DaaS.AppTest">
  <properties>
    <property name="java.runtime.name" value="Java(TM) SE Runtime Environment"/>
    <property name="sun.boot.library.path" value="C:\Program Files\Java\jre6\bin"/>
    <property name="java.vm.version" value="20.12-b01"/>
    <property name="java.vm.vendor" value="Sun Microsystems Inc."/>
    <property name="java.vendor.url" value="http://java.sun.com/"/>
    <property name="path.separator" value=";"/>
    <property name="java.vm.name" value="Java HotSpot(TM) 64-Bit Server VM"/>
    <property name="file.encoding.pkg" value="sun.io"/>
    <property name="user.country" value="US"/>
    <property name="sun.java.launcher" value="SUN_STANDARD"/>
    <property name="sun.os.patch.level" value="Service Pack 1"/>
    <property name="java.vm.specification.name" value="Java Virtual Machine Specification"/>
    <property name="user.dir" value="C:\Users\mc34398\mc34398_view_3\GDW_Code\Source_Code\Java\DaaS"/>
    <property name="java.runtime.version" value="1.6.0_37-b06"/>
    <property name="java.awt.graphicsenv" value="sun.awt.Win32GraphicsEnvironment"/>
    <property name="basedir" value="C:\Users\mc34398\mc34398_view_3\GDW_Code\Source_Code\Java\DaaS"/>
    <property name="java.endorsed.dirs" value="C:\Program Files\Java\jre6\lib\endorsed"/>
    <property name="os.arch" value="amd64"/>
    <property name="surefire.real.class.path" value="C:\Users\mc34398\mc34398_view_3\GDW_Code\Source_Code\Java\DaaS\target\surefire\surefirebooter2499391742516716128.jar"/>
    <property name="java.io.tmpdir" value="C:\Users\mc34398\AppData\Local\Temp\"/>
    <property name="line.separator" value="
"/>
    <property name="java.vm.specification.vendor" value="Sun Microsystems Inc."/>
    <property name="user.variant" value=""/>
    <property name="os.name" value="Windows 7"/>
    <property name="sun.jnu.encoding" value="Cp1252"/>
    <property name="java.library.path" value="C:\Program Files\Java\jre6\bin;C:\WINDOWS\Sun\Java\bin;C:\WINDOWS\system32;C:\WINDOWS;C:\Program Files (x86)\Teradata\Client\14.10\ODBC Driver for Teradata\Lib\;C:\Program Files (x86)\Teradata\Client\14.10\CLIv2\;C:\Program Files (x86)\Teradata\Client\14.10\Shared ICU Libraries for Teradata\lib\;C:\WINDOWS\system32;C:\WINDOWS;C:\WINDOWS\System32\Wbem;C:\WINDOWS\System32\WindowsPowerShell\v1.0\;C:\Program Files (x86)\QuickTime\QTSystem\;C:\Program Files (x86)\Microsoft SQL Server\100\Tools\Binn\VSShell\Common7\IDE\;C:\Program Files (x86)\Microsoft SQL Server\100\Tools\Binn\;C:\Program Files\Microsoft SQL Server\100\Tools\Binn\;C:\Program Files (x86)\Microsoft SQL Server\100\DTS\Binn\;."/>
    <property name="surefire.test.class.path" value="C:\Users\mc34398\mc34398_view_3\GDW_Code\Source_Code\Java\DaaS\target\test-classes;C:\Users\mc34398\mc34398_view_3\GDW_Code\Source_Code\Java\DaaS\target\classes;C:\Users\mc34398\.m2\repository\com\teradata\tdgssconfig\13.10.00.35\tdgssconfig-13.10.00.35.jar;C:\Users\mc34398\.m2\repository\com\teradata\terajdbc4\13.10.00.35\terajdbc4-13.10.00.35.jar;C:\Users\mc34398\.m2\repository\com\teradata\aster\teradataasterjdbc\5.0.3\teradataasterjdbc-5.0.3.jar;C:\Users\mc34398\.m2\repository\com\microsoft\sqljdbc4\3.0\sqljdbc4-3.0.jar;C:\Users\mc34398\.m2\repository\commons-lang\commons-lang\2.6\commons-lang-2.6.jar;C:\Users\mc34398\.m2\repository\commons-logging\commons-logging\1.1.1\commons-logging-1.1.1.jar;C:\Users\mc34398\.m2\repository\org\apache\hadoop\hadoop-core\1.2.0\hadoop-core-1.2.0.jar;C:\Users\mc34398\.m2\repository\commons-cli\commons-cli\1.2\commons-cli-1.2.jar;C:\Users\mc34398\.m2\repository\xmlenc\xmlenc\0.52\xmlenc-0.52.jar;C:\Users\mc34398\.m2\repository\com\sun\jersey\jersey-core\1.8\jersey-core-1.8.jar;C:\Users\mc34398\.m2\repository\com\sun\jersey\jersey-json\1.8\jersey-json-1.8.jar;C:\Users\mc34398\.m2\repository\org\codehaus\jettison\jettison\1.1\jettison-1.1.jar;C:\Users\mc34398\.m2\repository\com\sun\xml\bind\jaxb-impl\2.2.3-1\jaxb-impl-2.2.3-1.jar;C:\Users\mc34398\.m2\repository\com\sun\jersey\jersey-server\1.8\jersey-server-1.8.jar;C:\Users\mc34398\.m2\repository\asm\asm\3.1\asm-3.1.jar;C:\Users\mc34398\.m2\repository\commons-io\commons-io\2.1\commons-io-2.1.jar;C:\Users\mc34398\.m2\repository\commons-httpclient\commons-httpclient\3.0.1\commons-httpclient-3.0.1.jar;C:\Users\mc34398\.m2\repository\commons-codec\commons-codec\1.4\commons-codec-1.4.jar;C:\Users\mc34398\.m2\repository\org\apache\commons\commons-math\2.1\commons-math-2.1.jar;C:\Users\mc34398\.m2\repository\commons-configuration\commons-configuration\1.6\commons-configuration-1.6.jar;C:\Users\mc34398\.m2\repository\commons-collections\commons-collections\3.2.1\commons-collections-3.2.1.jar;C:\Users\mc34398\.m2\repository\commons-digester\commons-digester\1.8\commons-digester-1.8.jar;C:\Users\mc34398\.m2\repository\commons-beanutils\commons-beanutils\1.7.0\commons-beanutils-1.7.0.jar;C:\Users\mc34398\.m2\repository\commons-beanutils\commons-beanutils-core\1.8.0\commons-beanutils-core-1.8.0.jar;C:\Users\mc34398\.m2\repository\commons-net\commons-net\1.4.1\commons-net-1.4.1.jar;C:\Users\mc34398\.m2\repository\org\mortbay\jetty\jetty\6.1.26\jetty-6.1.26.jar;C:\Users\mc34398\.m2\repository\org\mortbay\jetty\servlet-api\2.5-20081211\servlet-api-2.5-20081211.jar;C:\Users\mc34398\.m2\repository\org\mortbay\jetty\jetty-util\6.1.26\jetty-util-6.1.26.jar;C:\Users\mc34398\.m2\repository\tomcat\jasper-runtime\5.5.12\jasper-runtime-5.5.12.jar;C:\Users\mc34398\.m2\repository\tomcat\jasper-compiler\5.5.12\jasper-compiler-5.5.12.jar;C:\Users\mc34398\.m2\repository\org\mortbay\jetty\jsp-api-2.1\6.1.14\jsp-api-2.1-6.1.14.jar;C:\Users\mc34398\.m2\repository\org\mortbay\jetty\jsp-2.1\6.1.14\jsp-2.1-6.1.14.jar;C:\Users\mc34398\.m2\repository\ant\ant\1.6.5\ant-1.6.5.jar;C:\Users\mc34398\.m2\repository\commons-el\commons-el\1.0\commons-el-1.0.jar;C:\Users\mc34398\.m2\repository\net\java\dev\jets3t\jets3t\0.6.1\jets3t-0.6.1.jar;C:\Users\mc34398\.m2\repository\hsqldb\hsqldb\1.8.0.10\hsqldb-1.8.0.10.jar;C:\Users\mc34398\.m2\repository\oro\oro\2.0.8\oro-2.0.8.jar;C:\Users\mc34398\.m2\repository\org\eclipse\jdt\core\3.1.1\core-3.1.1.jar;C:\Users\mc34398\.m2\repository\org\codehaus\jackson\jackson-mapper-asl\1.8.8\jackson-mapper-asl-1.8.8.jar;C:\Users\mc34398\.m2\repository\org\apache\poi\poi\3.9\poi-3.9.jar;C:\Users\mc34398\.m2\repository\org\apache\poi\poi-ooxml\3.9\poi-ooxml-3.9.jar;C:\Users\mc34398\.m2\repository\org\apache\poi\poi-ooxml-schemas\3.9\poi-ooxml-schemas-3.9.jar;C:\Users\mc34398\.m2\repository\org\apache\xmlbeans\xmlbeans\2.3.0\xmlbeans-2.3.0.jar;C:\Users\mc34398\.m2\repository\stax\stax-api\1.0.1\stax-api-1.0.1.jar;C:\Users\mc34398\.m2\repository\dom4j\dom4j\1.6.1\dom4j-1.6.1.jar;C:\Users\mc34398\.m2\repository\xml-apis\xml-apis\1.0.b2\xml-apis-1.0.b2.jar;C:\Users\mc34398\.m2\repository\org\apache\oozie\oozie-client\3.0.0\oozie-client-3.0.0.jar;C:\Users\mc34398\.m2\repository\p6spy\p6spy\1.3\p6spy-1.3.jar;C:\Users\mc34398\.m2\repository\com\sun\mail\javax.mail\1.5.1\javax.mail-1.5.1.jar;C:\Users\mc34398\.m2\repository\javax\activation\activation\1.1\activation-1.1.jar;C:\Users\mc34398\.m2\repository\org\apache\commons\commons-email\1.3.2\commons-email-1.3.2.jar;C:\Users\mc34398\.m2\repository\javax\mail\mail\1.4.5\mail-1.4.5.jar;C:\Users\mc34398\.m2\repository\org\apache\hbase\hbase\0.94.6.1\hbase-0.94.6.1.jar;C:\Users\mc34398\.m2\repository\com\yammer\metrics\metrics-core\2.1.2\metrics-core-2.1.2.jar;C:\Users\mc34398\.m2\repository\com\google\guava\guava\11.0.2\guava-11.0.2.jar;C:\Users\mc34398\.m2\repository\com\google\code\findbugs\jsr305\1.3.9\jsr305-1.3.9.jar;C:\Users\mc34398\.m2\repository\com\github\stephenc\high-scale-lib\high-scale-lib\1.1.1\high-scale-lib-1.1.1.jar;C:\Users\mc34398\.m2\repository\log4j\log4j\1.2.16\log4j-1.2.16.jar;C:\Users\mc34398\.m2\repository\org\apache\avro\avro\1.5.3\avro-1.5.3.jar;C:\Users\mc34398\.m2\repository\org\xerial\snappy\snappy-java\1.0.3.2\snappy-java-1.0.3.2.jar;C:\Users\mc34398\.m2\repository\org\apache\avro\avro-ipc\1.5.3\avro-ipc-1.5.3.jar;C:\Users\mc34398\.m2\repository\org\jboss\netty\netty\3.2.4.Final\netty-3.2.4.Final.jar;C:\Users\mc34398\.m2\repository\org\apache\velocity\velocity\1.7\velocity-1.7.jar;C:\Users\mc34398\.m2\repository\org\apache\zookeeper\zookeeper\3.4.5\zookeeper-3.4.5.jar;C:\Users\mc34398\.m2\repository\org\apache\thrift\libthrift\0.8.0\libthrift-0.8.0.jar;C:\Users\mc34398\.m2\repository\org\apache\httpcomponents\httpclient\4.1.2\httpclient-4.1.2.jar;C:\Users\mc34398\.m2\repository\org\apache\httpcomponents\httpcore\4.1.3\httpcore-4.1.3.jar;C:\Users\mc34398\.m2\repository\org\jruby\jruby-complete\1.6.5\jruby-complete-1.6.5.jar;C:\Users\mc34398\.m2\repository\org\mortbay\jetty\servlet-api-2.5\6.1.14\servlet-api-2.5-6.1.14.jar;C:\Users\mc34398\.m2\repository\org\codehaus\jackson\jackson-core-asl\1.8.8\jackson-core-asl-1.8.8.jar;C:\Users\mc34398\.m2\repository\org\codehaus\jackson\jackson-jaxrs\1.8.8\jackson-jaxrs-1.8.8.jar;C:\Users\mc34398\.m2\repository\org\codehaus\jackson\jackson-xc\1.8.8\jackson-xc-1.8.8.jar;C:\Users\mc34398\.m2\repository\org\slf4j\slf4j-api\1.4.3\slf4j-api-1.4.3.jar;C:\Users\mc34398\.m2\repository\org\slf4j\slf4j-log4j12\1.4.3\slf4j-log4j12-1.4.3.jar;C:\Users\mc34398\.m2\repository\org\jamon\jamon-runtime\2.3.1\jamon-runtime-2.3.1.jar;C:\Users\mc34398\.m2\repository\com\google\protobuf\protobuf-java\2.4.0a\protobuf-java-2.4.0a.jar;C:\Users\mc34398\.m2\repository\javax\xml\bind\jaxb-api\2.1\jaxb-api-2.1.jar;C:\Users\mc34398\.m2\repository\org\apache\hbase\hbase-client\0.98.0-hadoop1\hbase-client-0.98.0-hadoop1.jar;C:\Users\mc34398\.m2\repository\org\apache\hbase\hbase-common\0.98.0-hadoop1\hbase-common-0.98.0-hadoop1.jar;C:\Users\mc34398\.m2\repository\org\apache\hbase\hbase-protocol\0.98.0-hadoop1\hbase-protocol-0.98.0-hadoop1.jar;C:\Users\mc34398\.m2\repository\io\netty\netty\3.6.6.Final\netty-3.6.6.Final.jar;C:\Users\mc34398\.m2\repository\org\cloudera\htrace\htrace-core\2.04\htrace-core-2.04.jar;C:\Users\mc34398\.m2\repository\com\github\stephenc\findbugs\findbugs-annotations\1.3.9-1\findbugs-annotations-1.3.9-1.jar;C:\Users\mc34398\.m2\repository\junit\junit\4.11\junit-4.11.jar;C:\Users\mc34398\.m2\repository\org\hamcrest\hamcrest-core\1.3\hamcrest-core-1.3.jar;"/>
    <property name="java.specification.name" value="Java Platform API Specification"/>
    <property name="java.class.version" value="50.0"/>
    <property name="sun.management.compiler" value="HotSpot 64-Bit Tiered Compilers"/>
    <property name="os.version" value="6.1"/>
    <property name="user.home" value="C:\Users\mc34398"/>
    <property name="user.timezone" value=""/>
    <property name="java.awt.printerjob" value="sun.awt.windows.WPrinterJob"/>
    <property name="java.specification.version" value="1.6"/>
    <property name="file.encoding" value="Cp1252"/>
    <property name="user.name" value="mc34398"/>
    <property name="java.class.path" value="C:\Users\mc34398\mc34398_view_3\GDW_Code\Source_Code\Java\DaaS\target\test-classes;C:\Users\mc34398\mc34398_view_3\GDW_Code\Source_Code\Java\DaaS\target\classes;C:\Users\mc34398\.m2\repository\com\teradata\tdgssconfig\13.10.00.35\tdgssconfig-13.10.00.35.jar;C:\Users\mc34398\.m2\repository\com\teradata\terajdbc4\13.10.00.35\terajdbc4-13.10.00.35.jar;C:\Users\mc34398\.m2\repository\com\teradata\aster\teradataasterjdbc\5.0.3\teradataasterjdbc-5.0.3.jar;C:\Users\mc34398\.m2\repository\com\microsoft\sqljdbc4\3.0\sqljdbc4-3.0.jar;C:\Users\mc34398\.m2\repository\commons-lang\commons-lang\2.6\commons-lang-2.6.jar;C:\Users\mc34398\.m2\repository\commons-logging\commons-logging\1.1.1\commons-logging-1.1.1.jar;C:\Users\mc34398\.m2\repository\org\apache\hadoop\hadoop-core\1.2.0\hadoop-core-1.2.0.jar;C:\Users\mc34398\.m2\repository\commons-cli\commons-cli\1.2\commons-cli-1.2.jar;C:\Users\mc34398\.m2\repository\xmlenc\xmlenc\0.52\xmlenc-0.52.jar;C:\Users\mc34398\.m2\repository\com\sun\jersey\jersey-core\1.8\jersey-core-1.8.jar;C:\Users\mc34398\.m2\repository\com\sun\jersey\jersey-json\1.8\jersey-json-1.8.jar;C:\Users\mc34398\.m2\repository\org\codehaus\jettison\jettison\1.1\jettison-1.1.jar;C:\Users\mc34398\.m2\repository\com\sun\xml\bind\jaxb-impl\2.2.3-1\jaxb-impl-2.2.3-1.jar;C:\Users\mc34398\.m2\repository\com\sun\jersey\jersey-server\1.8\jersey-server-1.8.jar;C:\Users\mc34398\.m2\repository\asm\asm\3.1\asm-3.1.jar;C:\Users\mc34398\.m2\repository\commons-io\commons-io\2.1\commons-io-2.1.jar;C:\Users\mc34398\.m2\repository\commons-httpclient\commons-httpclient\3.0.1\commons-httpclient-3.0.1.jar;C:\Users\mc34398\.m2\repository\commons-codec\commons-codec\1.4\commons-codec-1.4.jar;C:\Users\mc34398\.m2\repository\org\apache\commons\commons-math\2.1\commons-math-2.1.jar;C:\Users\mc34398\.m2\repository\commons-configuration\commons-configuration\1.6\commons-configuration-1.6.jar;C:\Users\mc34398\.m2\repository\commons-collections\commons-collections\3.2.1\commons-collections-3.2.1.jar;C:\Users\mc34398\.m2\repository\commons-digester\commons-digester\1.8\commons-digester-1.8.jar;C:\Users\mc34398\.m2\repository\commons-beanutils\commons-beanutils\1.7.0\commons-beanutils-1.7.0.jar;C:\Users\mc34398\.m2\repository\commons-beanutils\commons-beanutils-core\1.8.0\commons-beanutils-core-1.8.0.jar;C:\Users\mc34398\.m2\repository\commons-net\commons-net\1.4.1\commons-net-1.4.1.jar;C:\Users\mc34398\.m2\repository\org\mortbay\jetty\jetty\6.1.26\jetty-6.1.26.jar;C:\Users\mc34398\.m2\repository\org\mortbay\jetty\servlet-api\2.5-20081211\servlet-api-2.5-20081211.jar;C:\Users\mc34398\.m2\repository\org\mortbay\jetty\jetty-util\6.1.26\jetty-util-6.1.26.jar;C:\Users\mc34398\.m2\repository\tomcat\jasper-runtime\5.5.12\jasper-runtime-5.5.12.jar;C:\Users\mc34398\.m2\repository\tomcat\jasper-compiler\5.5.12\jasper-compiler-5.5.12.jar;C:\Users\mc34398\.m2\repository\org\mortbay\jetty\jsp-api-2.1\6.1.14\jsp-api-2.1-6.1.14.jar;C:\Users\mc34398\.m2\repository\org\mortbay\jetty\jsp-2.1\6.1.14\jsp-2.1-6.1.14.jar;C:\Users\mc34398\.m2\repository\ant\ant\1.6.5\ant-1.6.5.jar;C:\Users\mc34398\.m2\repository\commons-el\commons-el\1.0\commons-el-1.0.jar;C:\Users\mc34398\.m2\repository\net\java\dev\jets3t\jets3t\0.6.1\jets3t-0.6.1.jar;C:\Users\mc34398\.m2\repository\hsqldb\hsqldb\1.8.0.10\hsqldb-1.8.0.10.jar;C:\Users\mc34398\.m2\repository\oro\oro\2.0.8\oro-2.0.8.jar;C:\Users\mc34398\.m2\repository\org\eclipse\jdt\core\3.1.1\core-3.1.1.jar;C:\Users\mc34398\.m2\repository\org\codehaus\jackson\jackson-mapper-asl\1.8.8\jackson-mapper-asl-1.8.8.jar;C:\Users\mc34398\.m2\repository\org\apache\poi\poi\3.9\poi-3.9.jar;C:\Users\mc34398\.m2\repository\org\apache\poi\poi-ooxml\3.9\poi-ooxml-3.9.jar;C:\Users\mc34398\.m2\repository\org\apache\poi\poi-ooxml-schemas\3.9\poi-ooxml-schemas-3.9.jar;C:\Users\mc34398\.m2\repository\org\apache\xmlbeans\xmlbeans\2.3.0\xmlbeans-2.3.0.jar;C:\Users\mc34398\.m2\repository\stax\stax-api\1.0.1\stax-api-1.0.1.jar;C:\Users\mc34398\.m2\repository\dom4j\dom4j\1.6.1\dom4j-1.6.1.jar;C:\Users\mc34398\.m2\repository\xml-apis\xml-apis\1.0.b2\xml-apis-1.0.b2.jar;C:\Users\mc34398\.m2\repository\org\apache\oozie\oozie-client\3.0.0\oozie-client-3.0.0.jar;C:\Users\mc34398\.m2\repository\p6spy\p6spy\1.3\p6spy-1.3.jar;C:\Users\mc34398\.m2\repository\com\sun\mail\javax.mail\1.5.1\javax.mail-1.5.1.jar;C:\Users\mc34398\.m2\repository\javax\activation\activation\1.1\activation-1.1.jar;C:\Users\mc34398\.m2\repository\org\apache\commons\commons-email\1.3.2\commons-email-1.3.2.jar;C:\Users\mc34398\.m2\repository\javax\mail\mail\1.4.5\mail-1.4.5.jar;C:\Users\mc34398\.m2\repository\org\apache\hbase\hbase\0.94.6.1\hbase-0.94.6.1.jar;C:\Users\mc34398\.m2\repository\com\yammer\metrics\metrics-core\2.1.2\metrics-core-2.1.2.jar;C:\Users\mc34398\.m2\repository\com\google\guava\guava\11.0.2\guava-11.0.2.jar;C:\Users\mc34398\.m2\repository\com\google\code\findbugs\jsr305\1.3.9\jsr305-1.3.9.jar;C:\Users\mc34398\.m2\repository\com\github\stephenc\high-scale-lib\high-scale-lib\1.1.1\high-scale-lib-1.1.1.jar;C:\Users\mc34398\.m2\repository\log4j\log4j\1.2.16\log4j-1.2.16.jar;C:\Users\mc34398\.m2\repository\org\apache\avro\avro\1.5.3\avro-1.5.3.jar;C:\Users\mc34398\.m2\repository\org\xerial\snappy\snappy-java\1.0.3.2\snappy-java-1.0.3.2.jar;C:\Users\mc34398\.m2\repository\org\apache\avro\avro-ipc\1.5.3\avro-ipc-1.5.3.jar;C:\Users\mc34398\.m2\repository\org\jboss\netty\netty\3.2.4.Final\netty-3.2.4.Final.jar;C:\Users\mc34398\.m2\repository\org\apache\velocity\velocity\1.7\velocity-1.7.jar;C:\Users\mc34398\.m2\repository\org\apache\zookeeper\zookeeper\3.4.5\zookeeper-3.4.5.jar;C:\Users\mc34398\.m2\repository\org\apache\thrift\libthrift\0.8.0\libthrift-0.8.0.jar;C:\Users\mc34398\.m2\repository\org\apache\httpcomponents\httpclient\4.1.2\httpclient-4.1.2.jar;C:\Users\mc34398\.m2\repository\org\apache\httpcomponents\httpcore\4.1.3\httpcore-4.1.3.jar;C:\Users\mc34398\.m2\repository\org\jruby\jruby-complete\1.6.5\jruby-complete-1.6.5.jar;C:\Users\mc34398\.m2\repository\org\mortbay\jetty\servlet-api-2.5\6.1.14\servlet-api-2.5-6.1.14.jar;C:\Users\mc34398\.m2\repository\org\codehaus\jackson\jackson-core-asl\1.8.8\jackson-core-asl-1.8.8.jar;C:\Users\mc34398\.m2\repository\org\codehaus\jackson\jackson-jaxrs\1.8.8\jackson-jaxrs-1.8.8.jar;C:\Users\mc34398\.m2\repository\org\codehaus\jackson\jackson-xc\1.8.8\jackson-xc-1.8.8.jar;C:\Users\mc34398\.m2\repository\org\slf4j\slf4j-api\1.4.3\slf4j-api-1.4.3.jar;C:\Users\mc34398\.m2\repository\org\slf4j\slf4j-log4j12\1.4.3\slf4j-log4j12-1.4.3.jar;C:\Users\mc34398\.m2\repository\org\jamon\jamon-runtime\2.3.1\jamon-runtime-2.3.1.jar;C:\Users\mc34398\.m2\repository\com\google\protobuf\protobuf-java\2.4.0a\protobuf-java-2.4.0a.jar;C:\Users\mc34398\.m2\repository\javax\xml\bind\jaxb-api\2.1\jaxb-api-2.1.jar;C:\Users\mc34398\.m2\repository\org\apache\hbase\hbase-client\0.98.0-hadoop1\hbase-client-0.98.0-hadoop1.jar;C:\Users\mc34398\.m2\repository\org\apache\hbase\hbase-common\0.98.0-hadoop1\hbase-common-0.98.0-hadoop1.jar;C:\Users\mc34398\.m2\repository\org\apache\hbase\hbase-protocol\0.98.0-hadoop1\hbase-protocol-0.98.0-hadoop1.jar;C:\Users\mc34398\.m2\repository\io\netty\netty\3.6.6.Final\netty-3.6.6.Final.jar;C:\Users\mc34398\.m2\repository\org\cloudera\htrace\htrace-core\2.04\htrace-core-2.04.jar;C:\Users\mc34398\.m2\repository\com\github\stephenc\findbugs\findbugs-annotations\1.3.9-1\findbugs-annotations-1.3.9-1.jar;C:\Users\mc34398\.m2\repository\junit\junit\4.11\junit-4.11.jar;C:\Users\mc34398\.m2\repository\org\hamcrest\hamcrest-core\1.3\hamcrest-core-1.3.jar;"/>
    <property name="java.vm.specification.version" value="1.0"/>
    <property name="sun.arch.data.model" value="64"/>
    <property name="java.home" value="C:\Program Files\Java\jre6"/>
    <property name="sun.java.command" value="C:\Users\mc34398\mc34398_view_3\GDW_Code\Source_Code\Java\DaaS\target\surefire\surefirebooter2499391742516716128.jar C:\Users\mc34398\mc34398_view_3\GDW_Code\Source_Code\Java\DaaS\target\surefire\surefire5965556195290614073tmp C:\Users\mc34398\mc34398_view_3\GDW_Code\Source_Code\Java\DaaS\target\surefire\surefire6967583243571417153tmp"/>
    <property name="java.specification.vendor" value="Sun Microsystems Inc."/>
    <property name="user.language" value="en"/>
    <property name="awt.toolkit" value="sun.awt.windows.WToolkit"/>
    <property name="java.vm.info" value="mixed mode"/>
    <property name="java.version" value="1.6.0_37"/>
    <property name="java.ext.dirs" value="C:\Program Files\Java\jre6\lib\ext;C:\WINDOWS\Sun\Java\lib\ext"/>
    <property name="sun.boot.class.path" value="C:\Program Files\Java\jre6\lib\resources.jar;C:\Program Files\Java\jre6\lib\rt.jar;C:\Program Files\Java\jre6\lib\sunrsasign.jar;C:\Program Files\Java\jre6\lib\jsse.jar;C:\Program Files\Java\jre6\lib\jce.jar;C:\Program Files\Java\jre6\lib\charsets.jar;C:\Program Files\Java\jre6\lib\modules\jdk.boot.jar;C:\Program Files\Java\jre6\classes"/>
    <property name="java.vendor" value="Sun Microsystems Inc."/>
    <property name="localRepository" value="C:\Users\mc34398\.m2\repository"/>
    <property name="file.separator" value="\"/>
    <property name="java.vendor.url.bug" value="http://java.sun.com/cgi-bin/bugreport.cgi"/>
    <property name="sun.cpu.endian" value="little"/>
    <property name="sun.io.unicode.encoding" value="UnicodeLittle"/>
    <property name="sun.desktop" value="windows"/>
    <property name="sun.cpu.isalist" value="amd64"/>
  </properties>
  <testcase time="0.001" classname="DaaS.AppTest" name="testApp"/>
</testsuite>